#
# There is insufficient memory for the Java Runtime Environment to continue.
# Native memory allocation (malloc) failed to allocate 1048576 bytes for AllocateHeap
# Possible reasons:
#   The system is out of physical RAM or swap space
#   The process is running with CompressedOops enabled, and the Java Heap may be blocking the growth of the native heap
# Possible solutions:
#   Reduce memory load on the system
#   Increase physical memory or swap space
#   Check if swap backing store is full
#   Decrease Java heap size (-Xmx/-Xms)
#   Decrease number of Java threads
#   Decrease Java thread stack sizes (-Xss)
#   Set larger code cache with -XX:ReservedCodeCacheSize=
#   JVM is running with Unscaled Compressed Oops mode in which the Java heap is
#     placed in the first 4GB address space. The Java Heap base address is the
#     maximum limit for the native heap growth. Please use -XX:HeapBaseMinAddress
#     to set the Java Heap base and to place the Java Heap above 4GB virtual address.
# This output file may be truncated or incomplete.
#
#  Out of Memory Error (memory/allocation.inline.hpp:61), pid=18012, tid=0x0000000000005b08
#
# JRE version:  (8.0_202-b03) (build )
# Java VM: OpenJDK 64-Bit Server VM (25.202-b03 mixed mode windows-amd64 compressed oops)
# Failed to write core dump. Minidumps are not enabled by default on client versions of Windows
#

---------------  T H R E A D  ---------------

Current thread (0x000000000294e000):  JavaThread "Unknown thread" [_thread_in_vm, id=23304, stack(0x0000000002830000,0x0000000002930000)]

Stack: [0x0000000002830000,0x0000000002930000]
[error occurred during error reporting (printing stack bounds), id 0xc0000005]

Native frames: (J=compiled Java code, j=interpreted, Vv=VM code, C=native code)


---------------  P R O C E S S  ---------------

Java Threads: ( => current thread )

Other Threads:

=>0x000000000294e000 (exited) JavaThread "Unknown thread" [_thread_in_vm, id=23304, stack(0x0000000002830000,0x0000000002930000)]

VM state:not at safepoint (normal execution)

VM Mutex/Monitor currently owned by a thread: None

heap address: 0x0000000081c00000, size: 2020 MB, Compressed Oops mode: 32-bit
Narrow klass base: 0x0000000000000000, Narrow klass shift: 3
Compressed class space size: 1073741824 Address: 0x0000000100000000

Heap:
 PSYoungGen      total 38400K, used 665K [0x00000000d5f00000, 0x00000000d8980000, 0x0000000100000000)
  eden space 33280K, 2% used [0x00000000d5f00000,0x00000000d5fa6670,0x00000000d7f80000)
  from space 5120K, 0% used [0x00000000d8480000,0x00000000d8480000,0x00000000d8980000)
  to   space 5120K, 0% used [0x00000000d7f80000,0x00000000d7f80000,0x00000000d8480000)
 ParOldGen       total 87552K, used 0K [0x0000000081c00000, 0x0000000087180000, 0x00000000d5f00000)
  object space 87552K, 0% used [0x0000000081c00000,0x0000000081c00000,0x0000000087180000)
 Metaspace       used 778K, capacity 4480K, committed 4480K, reserved 1056768K
  class space    used 74K, capacity 384K, committed 384K, reserved 1048576K

Card table byte_map: [0x0000000011e10000,0x0000000012210000] byte_map_base: 0x0000000011a02000

Marking Bits: (ParMarkBitMap*) 0x0000000067c99f30
 Begin Bits: [0x0000000012cc0000, 0x0000000014c50000)
 End Bits:   [0x0000000014c50000, 0x0000000016be0000)

Polling page: 0x0000000000f70000

CodeCache: size=245760Kb used=328Kb max_used=328Kb free=245431Kb
 bounds [0x0000000002a50000, 0x0000000002cc0000, 0x0000000011a50000]
 total_blobs=57 nmethods=0 adapters=38
 compilation: enabled

Compilation events (0 events):
No events

GC Heap History (0 events):
No events

Deoptimization events (0 events):
No events

Classes redefined (0 events):
No events

Internal exceptions (0 events):
No events

Events (10 events):
Event: 2.032 loading class java/lang/Short
Event: 2.033 loading class java/lang/Short done
Event: 2.033 loading class java/lang/Integer
Event: 2.034 loading class java/lang/Integer done
Event: 2.034 loading class java/lang/Long
Event: 2.038 loading class java/lang/Long done
Event: 2.039 loading class java/lang/NullPointerException
Event: 2.039 loading class java/lang/NullPointerException done
Event: 2.039 loading class java/lang/ArithmeticException
Event: 2.039 loading class java/lang/ArithmeticException done


Dynamic libraries:
0x00007ff75ca60000 - 0x00007ff75ca91000 	C:\app dev\androidstd\jre\bin\java.EXE
0x00007ffed7080000 - 0x00007ffed7270000 	C:\WINDOWS\SYSTEM32\ntdll.dll
0x00007ffed5130000 - 0x00007ffed51e2000 	C:\WINDOWS\System32\KERNEL32.DLL
0x00007ffed4560000 - 0x00007ffed4804000 	C:\WINDOWS\System32\KERNELBASE.dll
0x00007ffed6590000 - 0x00007ffed6633000 	C:\WINDOWS\System32\ADVAPI32.dll
0x00007ffed5740000 - 0x00007ffed57de000 	C:\WINDOWS\System32\msvcrt.dll
0x00007ffed51f0000 - 0x00007ffed5287000 	C:\WINDOWS\System32\sechost.dll
0x00007ffed6b40000 - 0x00007ffed6c60000 	C:\WINDOWS\System32\RPCRT4.dll
0x00007ffed5a50000 - 0x00007ffed5be4000 	C:\WINDOWS\System32\USER32.dll
0x00007ffed4fd0000 - 0x00007ffed4ff1000 	C:\WINDOWS\System32\win32u.dll
0x00007ffed5a20000 - 0x00007ffed5a46000 	C:\WINDOWS\System32\GDI32.dll
0x00007ffed4050000 - 0x00007ffed41e6000 	C:\WINDOWS\System32\gdi32full.dll
0x00007ffed44c0000 - 0x00007ffed455e000 	C:\WINDOWS\System32\msvcp_win.dll
0x00007ffed4270000 - 0x00007ffed436a000 	C:\WINDOWS\System32\ucrtbase.dll
0x00007ffed30e0000 - 0x00007ffed3364000 	C:\WINDOWS\WinSxS\amd64_microsoft.windows.common-controls_6595b64144ccf1df_6.0.18362.959_none_e6c7bbbf130c62bb\COMCTL32.dll
0x00007ffed5290000 - 0x00007ffed55c5000 	C:\WINDOWS\System32\combase.dll
0x00007ffed5000000 - 0x00007ffed5080000 	C:\WINDOWS\System32\bcryptPrimitives.dll
0x00007ffed56a0000 - 0x00007ffed56ce000 	C:\WINDOWS\System32\IMM32.DLL
0x0000000067310000 - 0x00000000673e2000 	C:\app dev\androidstd\jre\jre\bin\msvcr100.dll
0x00000000674d0000 - 0x0000000067d16000 	C:\app dev\androidstd\jre\jre\bin\server\jvm.dll
0x00007ffed59a0000 - 0x00007ffed59a8000 	C:\WINDOWS\System32\PSAPI.DLL
0x00007ffecf6d0000 - 0x00007ffecf6f4000 	C:\WINDOWS\SYSTEM32\WINMM.dll
0x00007ffed1260000 - 0x00007ffed126a000 	C:\WINDOWS\SYSTEM32\VERSION.dll
0x00007ffecf6a0000 - 0x00007ffecf6cd000 	C:\WINDOWS\SYSTEM32\WINMMBASE.dll
0x00007ffed4000000 - 0x00007ffed404a000 	C:\WINDOWS\System32\cfgmgr32.dll
0x00007ffec3c20000 - 0x00007ffec3c29000 	C:\WINDOWS\SYSTEM32\WSOCK32.dll
0x00007ffed59b0000 - 0x00007ffed5a1f000 	C:\WINDOWS\System32\ws2_32.DLL
0x00007ffecd4a0000 - 0x00007ffecd4af000 	C:\app dev\androidstd\jre\jre\bin\verify.dll
0x00007ffeb6590000 - 0x00007ffeb65b9000 	C:\app dev\androidstd\jre\jre\bin\java.dll
0x00007ffebefc0000 - 0x00007ffebefd6000 	C:\app dev\androidstd\jre\jre\bin\zip.dll

VM Arguments:
java_command: <unknown>
java_class_path (initial): .
Launcher Type: SUN_STANDARD

Environment Variables:
PATH=C:\Program Files (x86)\Common Files\Oracle\Java\javapath;C:\Program Files (x86)\Intel\Intel(R) Management Engine Components\iCLS\;C:\Program Files\Intel\Intel(R) Management Engine Components\iCLS\;C:\Windows\system32;C:\Windows;C:\Windows\System32\Wbem;C:\Windows\System32\WindowsPowerShell\v1.0\;C:\Windows\System32\OpenSSH\;C:\Program Files (x86)\NVIDIA Corporation\PhysX\Common;C:\Program Files (x86)\Intel\Intel(R) Management Engine Components\DAL;C:\Program Files\Intel\Intel(R) Management Engine Components\DAL;C:\Program Files (x86)\Intel\Intel(R) Management Engine Components\IPT;C:\Program Files\Intel\Intel(R) Management Engine Components\IPT;C:\Program Files\Intel\WiFi\bin\;C:\Program Files\Common Files\Intel\WirelessCommon\;C:\WINDOWS\system32;C:\WINDOWS;C:\WINDOWS\System32\Wbem;C:\WINDOWS\System32\WindowsPowerShell\v1.0\;C:\WINDOWS\System32\OpenSSH\;C:\app dev\Git\cmd;C:\Users\umang\AppData\Local\Microsoft\WindowsApps;C:\app dev\flutter\flutter\bin;;C:\app dev\flutter\flutter\bin\mingit\cmd
USERNAME=umang
OS=Windows_NT
PROCESSOR_IDENTIFIER=Intel64 Family 6 Model 142 Stepping 10, GenuineIntel



---------------  S Y S T E M  ---------------

OS: Windows 10.0 , 64 bit Build 18362 (10.0.18362.959)

CPU:total 8 (initial active 8) (4 cores per cpu, 2 threads per core) family 6 model 142 stepping 10, cmov, cx8, fxsr, mmx, sse, sse2, sse3, ssse3, sse4.1, sse4.2, popcnt, avx, avx2, aes, clmul, erms, 3dnowpref, lzcnt, ht, tsc, tscinvbit, bmi1, bmi2, adx

Memory: 4k page, physical 8267536k(600732k free), swap 33433360k(5268k free)

vm_info: OpenJDK 64-Bit Server VM (25.202-b03) for windows-amd64 JRE (1.8.0_202-release-1483-b03), built by "builder" with MS VC++ 10.0 (VS2010)

time: Thu Aug 27 00:34:10 2020
timezone: India Standard Time
elapsed time: 2 seconds (0d 0h 0m 2s)

